(la patch che applicavo con

patch -p1 < ../LeggimiEPatch/root-6.26/root_6.patch

da dentro

root-6.26.04 da un sacco di errori:

bozzo@host-10-26-1-27:root-6.26.04> patch -p1 < /amssw/duranti/LeggimiEPatch/root-6.26/root_6.patch
patching file graf2d/postscript/src/TImageDump.cxx
Hunk #1 succeeded at 328 with fuzz 2 (offset 7 lines).
Hunk #2 FAILED at 356.
Hunk #3 FAILED at 392.
2 out of 3 hunks FAILED -- saving rejects to file graf2d/postscript/src/TImageDump.cxx.rej
patching file graf2d/postscript/src/TPDF.cxx
Hunk #1 FAILED at 583.
Hunk #2 FAILED at 900.
2 out of 2 hunks FAILED -- saving rejects to file graf2d/postscript/src/TPDF.cxx.rej
patching file graf2d/postscript/src/TPostScript.cxx
Hunk #1 FAILED at 1100.
1 out of 1 hunk FAILED -- saving rejects to file graf2d/postscript/src/TPostScript.cxx.rej
patching file graf2d/postscript/src/TSVG.cxx
Hunk #1 succeeded at 610 with fuzz 1 (offset 19 lines).
Hunk #2 FAILED at 623.
Hunk #3 FAILED at 631.
2 out of 3 hunks FAILED -- saving rejects to file graf2d/postscript/src/TSVG.cxx.rej
patching file graf2d/quartz/src/QuartzMarker.mm
patching file graf2d/x11/src/TGX11.cxx
Hunk #1 succeeded at 674 (offset 4 lines).

quindi non l'ho fatto)

mkdir ../root-6.26.06_build
cd ../root-6.26.06_build

cmake -DCMAKE_INSTALL_PREFIX=/amssw/duranti/root-6.26.06_install -DCMAKE_CXX_STANDARD="17" -Dgdml="ON" -Droofit="ON" -Dbuiltin_glew=ON -Droot7=OFF ../root-6.26.06

make -j8
